2021-10-16 15:51:50,034 CRIT Supervisor is running as root.  Privileges were not dropped because no user is specified in the config file.  If you intend to run as root, you can set user=root in the config file to avoid this message.
2021-10-16 15:51:50,035 INFO Included extra file "/opt/docker/etc/supervisor.d/apache.conf" during parsing
2021-10-16 15:51:50,036 INFO Included extra file "/opt/docker/etc/supervisor.d/blackfire-agent.conf" during parsing
2021-10-16 15:51:50,037 INFO Included extra file "/opt/docker/etc/supervisor.d/cron.conf" during parsing
2021-10-16 15:51:50,042 INFO Included extra file "/opt/docker/etc/supervisor.d/dnsmasq.conf" during parsing
2021-10-16 15:51:50,043 INFO Included extra file "/opt/docker/etc/supervisor.d/php-fpm.conf" during parsing
2021-10-16 15:51:50,043 INFO Included extra file "/opt/docker/etc/supervisor.d/postfix.conf" during parsing
2021-10-16 15:51:50,044 INFO Included extra file "/opt/docker/etc/supervisor.d/ssh.conf" during parsing
2021-10-16 15:51:50,045 INFO Included extra file "/opt/docker/etc/supervisor.d/syslog.conf" during parsing
2021-10-16 15:51:50,060 INFO RPC interface 'supervisor' initialized
2021-10-16 15:51:50,065 INFO supervisord started with pid 77
2021-10-16 15:51:51,068 INFO spawned: 'syslogd' with pid 80
2021-10-16 15:51:51,075 INFO spawned: 'php-fpmd' with pid 81
2021-10-16 15:51:51,078 INFO spawned: 'apached' with pid 82
2021-10-16 15:51:51,084 INFO spawned: 'crond' with pid 83
2021-10-16 15:51:51,087 INFO spawned: 'postfixd' with pid 84
2021-10-16 15:51:51,093 INFO spawned: 'sshd' with pid 85
2021-10-16 15:51:51,101 INFO success: php-fpmd entered RUNNING state, process has stayed up for > than 0 seconds (startsecs)
2021-10-16 15:51:51,102 INFO success: apached entered RUNNING state, process has stayed up for > than 0 seconds (startsecs)
2021-10-16 15:51:51,110 INFO success: crond entered RUNNING state, process has stayed up for > than 0 seconds (startsecs)
2021-10-16 15:51:51,121 INFO success: postfixd entered RUNNING state, process has stayed up for > than 0 seconds (startsecs)
2021-10-16 15:51:51,130 INFO success: sshd entered RUNNING state, process has stayed up for > than 0 seconds (startsecs)
2021-10-16 15:51:52,331 INFO success: syslogd entered RUNNING state, process has stayed up for > than 1 seconds (startsecs)
